<?xml version="1.0" encoding="UTF-8"?>
<!-- Generated by org.testng.reporters.JUnitReportReporter -->
<testsuite hostname="MANU" failures="0" tests="1" name="com.inetbanking.testCases.TC_LoginTest_001" time="13.129" errors="0" timestamp="16 Dec 2021 03:44:44 GMT" skipped="0">
  <testcase classname="com.inetbanking.testCases.TC_LoginTest_001" name="loginTest" time="13.129"/>
</testsuite> <!-- com.inetbanking.testCases.TC_LoginTest_001 -->
